{"C:\\Users\\Stefan\\Desktop\\Vefforritun2\\Verkefni1\\src\\parser.js": {"path":"C:\\Users\\Stefan\\Desktop\\Vefforritun2\\Verkefni1\\src\\parser.js","statementMap":{"0":{"start":{"line":13,"column":8},"end":{"line":13,"column":21}},"1":{"start":{"line":17,"column":8},"end":{"line":17,"column":11}},"2":{"start":{"line":19,"column":19},"end":{"line":19,"column":39}},"3":{"start":{"line":21,"column":4},"end":{"line":21,"column":18}}},"fnMap":{"0":{"name":"parse","decl":{"start":{"line":9,"column":16},"end":{"line":9,"column":21}},"loc":{"start":{"line":9,"column":29},"end":{"line":22,"column":1}},"line":9}},"branchMap":{},"s":{"0":0,"1":0,"2":0,"3":0},"f":{"0":0},"b":{},"_coverageSchema":"1a1c01bbd47fc00a2c39e90264f33305004495a9","hash":"3b7527580f4bfb4ecd51fb6542f1babb6a9b457d"}
}
